{"/Users/alex/testreactssr/src/api/authLogin.js": {"path":"/Users/alex/testreactssr/src/api/authLogin.js","statementMap":{"0":{"start":{"line":4,"column":2},"end":{"line":6,"column":4}}},"fnMap":{"0":{"name":"(anonymous_0)","decl":{"start":{"line":3,"column":15},"end":{"line":3,"column":16}},"loc":{"start":{"line":4,"column":2},"end":{"line":6,"column":4}},"line":4}},"branchMap":{},"s":{"0":2},"f":{"0":2},"b":{},"_coverageSchema":"43e27e138ebf9cfc5966b082cf9a028302ed4184","hash":"6f75c9542e9a11df38ecda690d7b98e1ed3f9b17"}
,"/Users/alex/testreactssr/src/api/authRegistr.js": {"path":"/Users/alex/testreactssr/src/api/authRegistr.js","statementMap":{"0":{"start":{"line":4,"column":2},"end":{"line":6,"column":4}}},"fnMap":{"0":{"name":"(anonymous_0)","decl":{"start":{"line":3,"column":15},"end":{"line":3,"column":16}},"loc":{"start":{"line":4,"column":2},"end":{"line":6,"column":4}},"line":4}},"branchMap":{},"s":{"0":2},"f":{"0":2},"b":{},"_coverageSchema":"43e27e138ebf9cfc5966b082cf9a028302ed4184","hash":"cfc0aceaa305678ff9f7d8840502ef910b061c9f"}
,"/Users/alex/testreactssr/src/api/createTransaction.js": {"path":"/Users/alex/testreactssr/src/api/createTransaction.js","statementMap":{"0":{"start":{"line":4,"column":2},"end":{"line":6,"column":4}}},"fnMap":{"0":{"name":"(anonymous_0)","decl":{"start":{"line":3,"column":15},"end":{"line":3,"column":16}},"loc":{"start":{"line":4,"column":2},"end":{"line":6,"column":4}},"line":4}},"branchMap":{},"s":{"0":2},"f":{"0":2},"b":{},"_coverageSchema":"43e27e138ebf9cfc5966b082cf9a028302ed4184","hash":"695bd5fe8ff802a96614d3e8b1bfe5f27f293fd0"}
,"/Users/alex/testreactssr/src/api/listTransaction.js": {"path":"/Users/alex/testreactssr/src/api/listTransaction.js","statementMap":{"0":{"start":{"line":3,"column":21},"end":{"line":3,"column":61}}},"fnMap":{"0":{"name":"(anonymous_0)","decl":{"start":{"line":3,"column":15},"end":{"line":3,"column":16}},"loc":{"start":{"line":3,"column":21},"end":{"line":3,"column":61}},"line":3}},"branchMap":{},"s":{"0":2},"f":{"0":2},"b":{},"_coverageSchema":"43e27e138ebf9cfc5966b082cf9a028302ed4184","hash":"9b402d09fb481faa720b867c8ea7ea1f516eebe7"}
,"/Users/alex/testreactssr/src/api/userInfo.js": {"path":"/Users/alex/testreactssr/src/api/userInfo.js","statementMap":{"0":{"start":{"line":4,"column":2},"end":{"line":4,"column":46}}},"fnMap":{"0":{"name":"(anonymous_0)","decl":{"start":{"line":3,"column":15},"end":{"line":3,"column":16}},"loc":{"start":{"line":3,"column":21},"end":{"line":5,"column":1}},"line":3}},"branchMap":{},"s":{"0":2},"f":{"0":2},"b":{},"_coverageSchema":"43e27e138ebf9cfc5966b082cf9a028302ed4184","hash":"bf6f1c073f0d7676439174afef775a253eb5516e"}
,"/Users/alex/testreactssr/src/api/usersName.js": {"path":"/Users/alex/testreactssr/src/api/usersName.js","statementMap":{"0":{"start":{"line":4,"column":2},"end":{"line":6,"column":4}}},"fnMap":{"0":{"name":"(anonymous_0)","decl":{"start":{"line":3,"column":15},"end":{"line":3,"column":16}},"loc":{"start":{"line":4,"column":2},"end":{"line":6,"column":4}},"line":4}},"branchMap":{},"s":{"0":2},"f":{"0":2},"b":{},"_coverageSchema":"43e27e138ebf9cfc5966b082cf9a028302ed4184","hash":"ac32d960adc2b505eeac58798ef7692e553d3c38"}
,"/Users/alex/testreactssr/src/components/LinksTransfer/index.js": {"path":"/Users/alex/testreactssr/src/components/LinksTransfer/index.js","statementMap":{"0":{"start":{"line":5,"column":22},"end":{"line":14,"column":1}},"1":{"start":{"line":6,"column":2},"end":{"line":13,"column":8}},"2":{"start":{"line":18,"column":0},"end":{"line":20,"column":1}}},"fnMap":{"0":{"name":"(anonymous_0)","decl":{"start":{"line":5,"column":22},"end":{"line":5,"column":23}},"loc":{"start":{"line":6,"column":2},"end":{"line":13,"column":8}},"line":6}},"branchMap":{"0":{"loc":{"start":{"line":7,"column":5},"end":{"line":12,"column":5}},"type":"binary-expr","locations":[{"start":{"line":7,"column":5},"end":{"line":7,"column":10}},{"start":{"line":8,"column":6},"end":{"line":11,"column":9}}],"line":7}},"s":{"0":1,"1":2,"2":1},"f":{"0":2},"b":{"0":[2,1]},"_coverageSchema":"43e27e138ebf9cfc5966b082cf9a028302ed4184","hash":"aa24d59e6892c0771865f31bb77ed77904fa564f"}
,"/Users/alex/testreactssr/src/components/Logo/index.js": {"path":"/Users/alex/testreactssr/src/components/Logo/index.js","statementMap":{"0":{"start":{"line":4,"column":13},"end":{"line":8,"column":1}},"1":{"start":{"line":5,"column":2},"end":{"line":7,"column":8}},"2":{"start":{"line":5,"column":43},"end":{"line":5,"column":52}},"3":{"start":{"line":12,"column":0},"end":{"line":14,"column":1}}},"fnMap":{"0":{"name":"(anonymous_0)","decl":{"start":{"line":4,"column":13},"end":{"line":4,"column":14}},"loc":{"start":{"line":5,"column":2},"end":{"line":7,"column":8}},"line":5},"1":{"name":"(anonymous_1)","decl":{"start":{"line":5,"column":37},"end":{"line":5,"column":38}},"loc":{"start":{"line":5,"column":43},"end":{"line":5,"column":52}},"line":5}},"branchMap":{},"s":{"0":1,"1":1,"2":1,"3":1},"f":{"0":1,"1":1},"b":{},"_coverageSchema":"43e27e138ebf9cfc5966b082cf9a028302ed4184","hash":"230fff1b6e44b54d7bec6b1c391e9f343fe3a7ac"}
,"/Users/alex/testreactssr/src/components/TransactionTable/index.js": {"path":"/Users/alex/testreactssr/src/components/TransactionTable/index.js","statementMap":{"0":{"start":{"line":5,"column":25},"end":{"line":41,"column":1}},"1":{"start":{"line":6,"column":2},"end":{"line":40,"column":3}},"2":{"start":{"line":20,"column":10},"end":{"line":36,"column":15}},"3":{"start":{"line":29,"column":35},"end":{"line":29,"column":95}},"4":{"start":{"line":45,"column":0},"end":{"line":56,"column":1}}},"fnMap":{"0":{"name":"(anonymous_0)","decl":{"start":{"line":5,"column":25},"end":{"line":5,"column":26}},"loc":{"start":{"line":5,"column":70},"end":{"line":41,"column":1}},"line":5},"1":{"name":"(anonymous_1)","decl":{"start":{"line":19,"column":29},"end":{"line":19,"column":30}},"loc":{"start":{"line":20,"column":10},"end":{"line":36,"column":15}},"line":20},"2":{"name":"(anonymous_2)","decl":{"start":{"line":29,"column":29},"end":{"line":29,"column":30}},"loc":{"start":{"line":29,"column":35},"end":{"line":29,"column":95}},"line":29}},"branchMap":{"0":{"loc":{"start":{"line":8,"column":7},"end":{"line":8,"column":46}},"type":"binary-expr","locations":[{"start":{"line":8,"column":7},"end":{"line":8,"column":14}},{"start":{"line":8,"column":18},"end":{"line":8,"column":46}}],"line":8},"1":{"loc":{"start":{"line":15,"column":11},"end":{"line":15,"column":33}},"type":"binary-expr","locations":[{"start":{"line":15,"column":11},"end":{"line":15,"column":20}},{"start":{"line":15,"column":24},"end":{"line":15,"column":33}}],"line":15},"2":{"loc":{"start":{"line":25,"column":13},"end":{"line":35,"column":13}},"type":"binary-expr","locations":[{"start":{"line":25,"column":13},"end":{"line":25,"column":22}},{"start":{"line":26,"column":14},"end":{"line":34,"column":19}}],"line":25},"3":{"loc":{"start":{"line":27,"column":17},"end":{"line":33,"column":17}},"type":"binary-expr","locations":[{"start":{"line":27,"column":17},"end":{"line":27,"column":32}},{"start":{"line":28,"column":18},"end":{"line":32,"column":27}}],"line":27}},"s":{"0":1,"1":2,"2":2,"3":1,"4":1},"f":{"0":2,"1":2,"2":1},"b":{"0":[2,1],"1":[2,1],"2":[2,1],"3":[1,1]},"_coverageSchema":"43e27e138ebf9cfc5966b082cf9a028302ed4184","hash":"0a4ea9c2c5bd62967d446968c84c760f12f4e8a2"}
,"/Users/alex/testreactssr/src/components/UserBlock/index.js": {"path":"/Users/alex/testreactssr/src/components/UserBlock/index.js","statementMap":{"0":{"start":{"line":5,"column":18},"end":{"line":33,"column":1}},"1":{"start":{"line":6,"column":2},"end":{"line":32,"column":3}},"2":{"start":{"line":13,"column":55},"end":{"line":13,"column":64}},"3":{"start":{"line":18,"column":57},"end":{"line":18,"column":71}},"4":{"start":{"line":24,"column":29},"end":{"line":24,"column":44}},"5":{"start":{"line":37,"column":0},"end":{"line":45,"column":1}}},"fnMap":{"0":{"name":"(anonymous_0)","decl":{"start":{"line":5,"column":18},"end":{"line":5,"column":19}},"loc":{"start":{"line":5,"column":58},"end":{"line":33,"column":1}},"line":5},"1":{"name":"(anonymous_1)","decl":{"start":{"line":13,"column":49},"end":{"line":13,"column":50}},"loc":{"start":{"line":13,"column":55},"end":{"line":13,"column":64}},"line":13},"2":{"name":"(anonymous_2)","decl":{"start":{"line":18,"column":51},"end":{"line":18,"column":52}},"loc":{"start":{"line":18,"column":57},"end":{"line":18,"column":71}},"line":18},"3":{"name":"(anonymous_3)","decl":{"start":{"line":24,"column":23},"end":{"line":24,"column":24}},"loc":{"start":{"line":24,"column":29},"end":{"line":24,"column":44}},"line":24}},"branchMap":{"0":{"loc":{"start":{"line":9,"column":9},"end":{"line":9,"column":74}},"type":"binary-expr","locations":[{"start":{"line":9,"column":9},"end":{"line":9,"column":14}},{"start":{"line":9,"column":18},"end":{"line":9,"column":26}},{"start":{"line":9,"column":30},"end":{"line":9,"column":74}}],"line":9},"1":{"loc":{"start":{"line":12,"column":9},"end":{"line":29,"column":9}},"type":"cond-expr","locations":[{"start":{"line":13,"column":10},"end":{"line":15,"column":19}},{"start":{"line":17,"column":10},"end":{"line":28,"column":13}}],"line":12}},"s":{"0":1,"1":2,"2":1,"3":1,"4":1,"5":1},"f":{"0":2,"1":1,"2":1,"3":1},"b":{"0":[2,1,1],"1":[1,1]},"_coverageSchema":"43e27e138ebf9cfc5966b082cf9a028302ed4184","hash":"cd29c6faf7c985c09faaa12143237a4ad51b8121"}
,"/Users/alex/testreactssr/src/components/UsersList/index.js": {"path":"/Users/alex/testreactssr/src/components/UsersList/index.js","statementMap":{"0":{"start":{"line":4,"column":18},"end":{"line":18,"column":1}},"1":{"start":{"line":5,"column":2},"end":{"line":17,"column":3}},"2":{"start":{"line":11,"column":12},"end":{"line":13,"column":18}},"3":{"start":{"line":11,"column":68},"end":{"line":11,"column":89}},"4":{"start":{"line":22,"column":0},"end":{"line":27,"column":1}}},"fnMap":{"0":{"name":"(anonymous_0)","decl":{"start":{"line":4,"column":18},"end":{"line":4,"column":19}},"loc":{"start":{"line":4,"column":63},"end":{"line":18,"column":1}},"line":4},"1":{"name":"(anonymous_1)","decl":{"start":{"line":10,"column":20},"end":{"line":10,"column":21}},"loc":{"start":{"line":11,"column":12},"end":{"line":13,"column":18}},"line":11},"2":{"name":"(anonymous_2)","decl":{"start":{"line":11,"column":62},"end":{"line":11,"column":63}},"loc":{"start":{"line":11,"column":68},"end":{"line":11,"column":89}},"line":11}},"branchMap":{"0":{"loc":{"start":{"line":6,"column":4},"end":{"line":16,"column":5}},"type":"binary-expr","locations":[{"start":{"line":6,"column":4},"end":{"line":6,"column":20}},{"start":{"line":7,"column":4},"end":{"line":7,"column":14}},{"start":{"line":8,"column":6},"end":{"line":15,"column":12}}],"line":6},"1":{"loc":{"start":{"line":9,"column":9},"end":{"line":14,"column":12}},"type":"binary-expr","locations":[{"start":{"line":9,"column":9},"end":{"line":9,"column":20}},{"start":{"line":10,"column":10},"end":{"line":14,"column":12}}],"line":9}},"s":{"0":1,"1":4,"2":1,"3":1,"4":1},"f":{"0":4,"1":1,"2":1},"b":{"0":[4,2,2],"1":[2,1]},"_coverageSchema":"43e27e138ebf9cfc5966b082cf9a028302ed4184","hash":"99cae2d4ecab95950610b19aff2310aea402a441"}
,"/Users/alex/testreactssr/src/elements/Button/index.js": {"path":"/Users/alex/testreactssr/src/elements/Button/index.js","statementMap":{"0":{"start":{"line":8,"column":92},"end":{"line":8,"column":97}},"1":{"start":{"line":10,"column":19},"end":{"line":15,"column":13}},"2":{"start":{"line":16,"column":19},"end":{"line":16,"column":46}},"3":{"start":{"line":17,"column":2},"end":{"line":27,"column":3}},"4":{"start":{"line":30,"column":0},"end":{"line":37,"column":1}},"5":{"start":{"line":39,"column":0},"end":{"line":42,"column":1}}},"fnMap":{"0":{"name":"Button","decl":{"start":{"line":7,"column":24},"end":{"line":7,"column":30}},"loc":{"start":{"line":7,"column":38},"end":{"line":28,"column":1}},"line":7}},"branchMap":{"0":{"loc":{"start":{"line":14,"column":7},"end":{"line":14,"column":43}},"type":"cond-expr","locations":[{"start":{"line":14,"column":28},"end":{"line":14,"column":38}},{"start":{"line":14,"column":41},"end":{"line":14,"column":43}}],"line":14},"1":{"loc":{"start":{"line":14,"column":7},"end":{"line":14,"column":25}},"type":"binary-expr","locations":[{"start":{"line":14,"column":7},"end":{"line":14,"column":15}},{"start":{"line":14,"column":19},"end":{"line":14,"column":25}}],"line":14},"2":{"loc":{"start":{"line":19,"column":7},"end":{"line":25,"column":7}},"type":"cond-expr","locations":[{"start":{"line":20,"column":8},"end":{"line":20,"column":50}},{"start":{"line":22,"column":8},"end":{"line":24,"column":14}}],"line":19}},"s":{"0":6,"1":6,"2":6,"3":6,"4":3,"5":3},"f":{"0":6},"b":{"0":[1,5],"1":[6,5],"2":[5,1]},"_coverageSchema":"43e27e138ebf9cfc5966b082cf9a028302ed4184","hash":"712bb9925e05028aeb3832f69fab7cf961b0e66e"}
,"/Users/alex/testreactssr/src/elements/Input/index.js": {"path":"/Users/alex/testreactssr/src/elements/Input/index.js","statementMap":{"0":{"start":{"line":7,"column":95},"end":{"line":7,"column":100}},"1":{"start":{"line":9,"column":16},"end":{"line":9,"column":77}},"2":{"start":{"line":11,"column":2},"end":{"line":26,"column":3}},"3":{"start":{"line":19,"column":25},"end":{"line":19,"column":52}},"4":{"start":{"line":29,"column":0},"end":{"line":40,"column":1}},"5":{"start":{"line":42,"column":0},"end":{"line":44,"column":1}}},"fnMap":{"0":{"name":"Input","decl":{"start":{"line":6,"column":24},"end":{"line":6,"column":29}},"loc":{"start":{"line":6,"column":37},"end":{"line":27,"column":1}},"line":6},"1":{"name":"(anonymous_1)","decl":{"start":{"line":19,"column":18},"end":{"line":19,"column":19}},"loc":{"start":{"line":19,"column":25},"end":{"line":19,"column":52}},"line":19}},"branchMap":{"0":{"loc":{"start":{"line":9,"column":25},"end":{"line":9,"column":51}},"type":"cond-expr","locations":[{"start":{"line":9,"column":37},"end":{"line":9,"column":46}},{"start":{"line":9,"column":49},"end":{"line":9,"column":51}}],"line":9},"1":{"loc":{"start":{"line":9,"column":55},"end":{"line":9,"column":75}},"type":"cond-expr","locations":[{"start":{"line":9,"column":63},"end":{"line":9,"column":70}},{"start":{"line":9,"column":73},"end":{"line":9,"column":75}}],"line":9},"2":{"loc":{"start":{"line":13,"column":7},"end":{"line":13,"column":58}},"type":"binary-expr","locations":[{"start":{"line":13,"column":7},"end":{"line":13,"column":12}},{"start":{"line":13,"column":16},"end":{"line":13,"column":58}}],"line":13},"3":{"loc":{"start":{"line":24,"column":7},"end":{"line":24,"column":58}},"type":"binary-expr","locations":[{"start":{"line":24,"column":7},"end":{"line":24,"column":12}},{"start":{"line":24,"column":16},"end":{"line":24,"column":58}}],"line":24}},"s":{"0":2,"1":2,"2":2,"3":1,"4":1,"5":1},"f":{"0":2,"1":1},"b":{"0":[1,1],"1":[1,1],"2":[2,1],"3":[2,1]},"_coverageSchema":"43e27e138ebf9cfc5966b082cf9a028302ed4184","hash":"a58e6b14784a429b4d83328f820b6bf63462119e"}
,"/Users/alex/testreactssr/src/elements/Loader/index.js": {"path":"/Users/alex/testreactssr/src/elements/Loader/index.js","statementMap":{"0":{"start":{"line":7,"column":64},"end":{"line":7,"column":69}},"1":{"start":{"line":9,"column":2},"end":{"line":17,"column":3}},"2":{"start":{"line":20,"column":0},"end":{"line":25,"column":1}},"3":{"start":{"line":26,"column":0},"end":{"line":28,"column":1}}},"fnMap":{"0":{"name":"Loader","decl":{"start":{"line":6,"column":24},"end":{"line":6,"column":30}},"loc":{"start":{"line":6,"column":38},"end":{"line":18,"column":1}},"line":6}},"branchMap":{"0":{"loc":{"start":{"line":11,"column":46},"end":{"line":11,"column":60}},"type":"binary-expr","locations":[{"start":{"line":11,"column":46},"end":{"line":11,"column":51}},{"start":{"line":11,"column":55},"end":{"line":11,"column":60}}],"line":11},"1":{"loc":{"start":{"line":12,"column":56},"end":{"line":12,"column":70}},"type":"binary-expr","locations":[{"start":{"line":12,"column":56},"end":{"line":12,"column":61}},{"start":{"line":12,"column":65},"end":{"line":12,"column":70}}],"line":12},"2":{"loc":{"start":{"line":13,"column":57},"end":{"line":13,"column":71}},"type":"binary-expr","locations":[{"start":{"line":13,"column":57},"end":{"line":13,"column":62}},{"start":{"line":13,"column":66},"end":{"line":13,"column":71}}],"line":13},"3":{"loc":{"start":{"line":14,"column":56},"end":{"line":14,"column":70}},"type":"binary-expr","locations":[{"start":{"line":14,"column":56},"end":{"line":14,"column":61}},{"start":{"line":14,"column":65},"end":{"line":14,"column":70}}],"line":14}},"s":{"0":1,"1":1,"2":4,"3":4},"f":{"0":1},"b":{"0":[1,1],"1":[1,1],"2":[1,1],"3":[1,1]},"_coverageSchema":"43e27e138ebf9cfc5966b082cf9a028302ed4184","hash":"9c46f987f6ac49e0707712b19aab6bf41e7910e8"}
,"/Users/alex/testreactssr/src/store/types.js": {"path":"/Users/alex/testreactssr/src/store/types.js","statementMap":{"0":{"start":{"line":1,"column":30},"end":{"line":1,"column":46}},"1":{"start":{"line":2,"column":31},"end":{"line":2,"column":48}},"2":{"start":{"line":3,"column":31},"end":{"line":3,"column":48}},"3":{"start":{"line":4,"column":30},"end":{"line":4,"column":46}},"4":{"start":{"line":5,"column":32},"end":{"line":5,"column":50}},"5":{"start":{"line":6,"column":31},"end":{"line":6,"column":48}},"6":{"start":{"line":7,"column":35},"end":{"line":7,"column":56}},"7":{"start":{"line":8,"column":31},"end":{"line":8,"column":48}},"8":{"start":{"line":9,"column":35},"end":{"line":9,"column":56}},"9":{"start":{"line":10,"column":29},"end":{"line":10,"column":44}},"10":{"start":{"line":11,"column":27},"end":{"line":11,"column":40}},"11":{"start":{"line":13,"column":36},"end":{"line":13,"column":58}},"12":{"start":{"line":14,"column":36},"end":{"line":14,"column":58}},"13":{"start":{"line":15,"column":42},"end":{"line":15,"column":70}},"14":{"start":{"line":17,"column":41},"end":{"line":17,"column":68}},"15":{"start":{"line":18,"column":36},"end":{"line":18,"column":58}},"16":{"start":{"line":19,"column":38},"end":{"line":19,"column":62}},"17":{"start":{"line":21,"column":38},"end":{"line":21,"column":62}}},"fnMap":{},"branchMap":{},"s":{"0":6,"1":6,"2":6,"3":6,"4":6,"5":6,"6":6,"7":6,"8":6,"9":6,"10":6,"11":6,"12":6,"13":6,"14":6,"15":6,"16":6,"17":6},"f":{},"b":{},"_coverageSchema":"43e27e138ebf9cfc5966b082cf9a028302ed4184","hash":"2150592a955cf58a9d3f50942602593f2c73e420"}
,"/Users/alex/testreactssr/src/store/actions/auth.js": {"path":"/Users/alex/testreactssr/src/store/actions/auth.js","statementMap":{"0":{"start":{"line":11,"column":26},"end":{"line":15,"column":1}},"1":{"start":{"line":11,"column":32},"end":{"line":15,"column":1}},"2":{"start":{"line":12,"column":2},"end":{"line":14,"column":4}},"3":{"start":{"line":17,"column":27},"end":{"line":35,"column":1}},"4":{"start":{"line":17,"column":37},"end":{"line":35,"column":1}},"5":{"start":{"line":18,"column":2},"end":{"line":20,"column":4}},"6":{"start":{"line":22,"column":2},"end":{"line":34,"column":6}},"7":{"start":{"line":24,"column":6},"end":{"line":27,"column":8}},"8":{"start":{"line":30,"column":6},"end":{"line":33,"column":8}},"9":{"start":{"line":37,"column":25},"end":{"line":57,"column":1}},"10":{"start":{"line":37,"column":39},"end":{"line":57,"column":1}},"11":{"start":{"line":38,"column":15},"end":{"line":38,"column":30}},"12":{"start":{"line":40,"column":2},"end":{"line":42,"column":4}},"13":{"start":{"line":44,"column":2},"end":{"line":56,"column":6}},"14":{"start":{"line":46,"column":6},"end":{"line":49,"column":8}},"15":{"start":{"line":52,"column":6},"end":{"line":55,"column":8}}},"fnMap":{"0":{"name":"(anonymous_0)","decl":{"start":{"line":11,"column":26},"end":{"line":11,"column":27}},"loc":{"start":{"line":11,"column":32},"end":{"line":15,"column":1}},"line":11},"1":{"name":"(anonymous_1)","decl":{"start":{"line":11,"column":32},"end":{"line":11,"column":33}},"loc":{"start":{"line":11,"column":46},"end":{"line":15,"column":1}},"line":11},"2":{"name":"(anonymous_2)","decl":{"start":{"line":17,"column":27},"end":{"line":17,"column":28}},"loc":{"start":{"line":17,"column":37},"end":{"line":35,"column":1}},"line":17},"3":{"name":"(anonymous_3)","decl":{"start":{"line":17,"column":37},"end":{"line":17,"column":38}},"loc":{"start":{"line":17,"column":51},"end":{"line":35,"column":1}},"line":17},"4":{"name":"(anonymous_4)","decl":{"start":{"line":23,"column":10},"end":{"line":23,"column":11}},"loc":{"start":{"line":23,"column":24},"end":{"line":28,"column":5}},"line":23},"5":{"name":"(anonymous_5)","decl":{"start":{"line":29,"column":11},"end":{"line":29,"column":12}},"loc":{"start":{"line":29,"column":29},"end":{"line":34,"column":5}},"line":29},"6":{"name":"(anonymous_6)","decl":{"start":{"line":37,"column":25},"end":{"line":37,"column":26}},"loc":{"start":{"line":37,"column":39},"end":{"line":57,"column":1}},"line":37},"7":{"name":"(anonymous_7)","decl":{"start":{"line":37,"column":39},"end":{"line":37,"column":40}},"loc":{"start":{"line":37,"column":53},"end":{"line":57,"column":1}},"line":37},"8":{"name":"(anonymous_8)","decl":{"start":{"line":45,"column":10},"end":{"line":45,"column":11}},"loc":{"start":{"line":45,"column":24},"end":{"line":50,"column":5}},"line":45},"9":{"name":"(anonymous_9)","decl":{"start":{"line":51,"column":11},"end":{"line":51,"column":12}},"loc":{"start":{"line":51,"column":29},"end":{"line":56,"column":5}},"line":51}},"branchMap":{},"s":{"0":1,"1":1,"2":1,"3":1,"4":2,"5":2,"6":2,"7":1,"8":1,"9":1,"10":2,"11":2,"12":2,"13":2,"14":1,"15":1},"f":{"0":1,"1":1,"2":2,"3":2,"4":1,"5":1,"6":2,"7":2,"8":1,"9":1},"b":{},"_coverageSchema":"43e27e138ebf9cfc5966b082cf9a028302ed4184","hash":"24c9b804a126317f5cf6ccffc826c5fa49fd9517"}
,"/Users/alex/testreactssr/src/store/actions/transfer.js": {"path":"/Users/alex/testreactssr/src/store/actions/transfer.js","statementMap":{"0":{"start":{"line":18,"column":28},"end":{"line":34,"column":1}},"1":{"start":{"line":18,"column":40},"end":{"line":34,"column":1}},"2":{"start":{"line":19,"column":15},"end":{"line":19,"column":25}},"3":{"start":{"line":21,"column":2},"end":{"line":33,"column":6}},"4":{"start":{"line":23,"column":6},"end":{"line":26,"column":8}},"5":{"start":{"line":29,"column":6},"end":{"line":32,"column":8}},"6":{"start":{"line":36,"column":29},"end":{"line":40,"column":1}},"7":{"start":{"line":36,"column":35},"end":{"line":40,"column":1}},"8":{"start":{"line":37,"column":2},"end":{"line":39,"column":4}},"9":{"start":{"line":42,"column":33},"end":{"line":60,"column":1}},"10":{"start":{"line":42,"column":43},"end":{"line":60,"column":1}},"11":{"start":{"line":43,"column":2},"end":{"line":45,"column":4}},"12":{"start":{"line":47,"column":2},"end":{"line":59,"column":6}},"13":{"start":{"line":49,"column":6},"end":{"line":52,"column":8}},"14":{"start":{"line":55,"column":6},"end":{"line":58,"column":8}},"15":{"start":{"line":62,"column":34},"end":{"line":80,"column":1}},"16":{"start":{"line":62,"column":40},"end":{"line":80,"column":1}},"17":{"start":{"line":63,"column":2},"end":{"line":65,"column":4}},"18":{"start":{"line":67,"column":2},"end":{"line":79,"column":6}},"19":{"start":{"line":69,"column":6},"end":{"line":72,"column":8}},"20":{"start":{"line":75,"column":6},"end":{"line":78,"column":8}},"21":{"start":{"line":82,"column":36},"end":{"line":87,"column":1}},"22":{"start":{"line":82,"column":48},"end":{"line":87,"column":1}},"23":{"start":{"line":83,"column":2},"end":{"line":86,"column":4}}},"fnMap":{"0":{"name":"(anonymous_0)","decl":{"start":{"line":18,"column":28},"end":{"line":18,"column":29}},"loc":{"start":{"line":18,"column":40},"end":{"line":34,"column":1}},"line":18},"1":{"name":"(anonymous_1)","decl":{"start":{"line":18,"column":40},"end":{"line":18,"column":41}},"loc":{"start":{"line":18,"column":54},"end":{"line":34,"column":1}},"line":18},"2":{"name":"(anonymous_2)","decl":{"start":{"line":22,"column":10},"end":{"line":22,"column":11}},"loc":{"start":{"line":22,"column":24},"end":{"line":27,"column":5}},"line":22},"3":{"name":"(anonymous_3)","decl":{"start":{"line":28,"column":11},"end":{"line":28,"column":12}},"loc":{"start":{"line":28,"column":29},"end":{"line":33,"column":5}},"line":28},"4":{"name":"(anonymous_4)","decl":{"start":{"line":36,"column":29},"end":{"line":36,"column":30}},"loc":{"start":{"line":36,"column":35},"end":{"line":40,"column":1}},"line":36},"5":{"name":"(anonymous_5)","decl":{"start":{"line":36,"column":35},"end":{"line":36,"column":36}},"loc":{"start":{"line":36,"column":49},"end":{"line":40,"column":1}},"line":36},"6":{"name":"(anonymous_6)","decl":{"start":{"line":42,"column":33},"end":{"line":42,"column":34}},"loc":{"start":{"line":42,"column":43},"end":{"line":60,"column":1}},"line":42},"7":{"name":"(anonymous_7)","decl":{"start":{"line":42,"column":43},"end":{"line":42,"column":44}},"loc":{"start":{"line":42,"column":57},"end":{"line":60,"column":1}},"line":42},"8":{"name":"(anonymous_8)","decl":{"start":{"line":48,"column":10},"end":{"line":48,"column":11}},"loc":{"start":{"line":48,"column":24},"end":{"line":53,"column":5}},"line":48},"9":{"name":"(anonymous_9)","decl":{"start":{"line":54,"column":11},"end":{"line":54,"column":12}},"loc":{"start":{"line":54,"column":29},"end":{"line":59,"column":5}},"line":54},"10":{"name":"(anonymous_10)","decl":{"start":{"line":62,"column":34},"end":{"line":62,"column":35}},"loc":{"start":{"line":62,"column":40},"end":{"line":80,"column":1}},"line":62},"11":{"name":"(anonymous_11)","decl":{"start":{"line":62,"column":40},"end":{"line":62,"column":41}},"loc":{"start":{"line":62,"column":54},"end":{"line":80,"column":1}},"line":62},"12":{"name":"(anonymous_12)","decl":{"start":{"line":68,"column":10},"end":{"line":68,"column":11}},"loc":{"start":{"line":68,"column":24},"end":{"line":73,"column":5}},"line":68},"13":{"name":"(anonymous_13)","decl":{"start":{"line":74,"column":11},"end":{"line":74,"column":12}},"loc":{"start":{"line":74,"column":29},"end":{"line":79,"column":5}},"line":74},"14":{"name":"(anonymous_14)","decl":{"start":{"line":82,"column":36},"end":{"line":82,"column":37}},"loc":{"start":{"line":82,"column":48},"end":{"line":87,"column":1}},"line":82},"15":{"name":"(anonymous_15)","decl":{"start":{"line":82,"column":48},"end":{"line":82,"column":49}},"loc":{"start":{"line":82,"column":62},"end":{"line":87,"column":1}},"line":82}},"branchMap":{},"s":{"0":1,"1":2,"2":2,"3":2,"4":1,"5":1,"6":1,"7":1,"8":1,"9":1,"10":2,"11":2,"12":2,"13":1,"14":1,"15":1,"16":2,"17":2,"18":2,"19":1,"20":1,"21":1,"22":1,"23":1},"f":{"0":2,"1":2,"2":1,"3":1,"4":1,"5":1,"6":2,"7":2,"8":1,"9":1,"10":2,"11":2,"12":1,"13":1,"14":1,"15":1},"b":{},"_coverageSchema":"43e27e138ebf9cfc5966b082cf9a028302ed4184","hash":"d5712fca71da032b5924a2396ce2f43979230357"}
,"/Users/alex/testreactssr/src/store/actions/user.js": {"path":"/Users/alex/testreactssr/src/store/actions/user.js","statementMap":{"0":{"start":{"line":4,"column":27},"end":{"line":26,"column":1}},"1":{"start":{"line":4,"column":33},"end":{"line":26,"column":1}},"2":{"start":{"line":5,"column":2},"end":{"line":7,"column":4}},"3":{"start":{"line":9,"column":2},"end":{"line":25,"column":6}},"4":{"start":{"line":11,"column":6},"end":{"line":14,"column":8}},"5":{"start":{"line":17,"column":6},"end":{"line":20,"column":8}},"6":{"start":{"line":22,"column":6},"end":{"line":24,"column":8}}},"fnMap":{"0":{"name":"(anonymous_0)","decl":{"start":{"line":4,"column":27},"end":{"line":4,"column":28}},"loc":{"start":{"line":4,"column":33},"end":{"line":26,"column":1}},"line":4},"1":{"name":"(anonymous_1)","decl":{"start":{"line":4,"column":33},"end":{"line":4,"column":34}},"loc":{"start":{"line":4,"column":47},"end":{"line":26,"column":1}},"line":4},"2":{"name":"(anonymous_2)","decl":{"start":{"line":10,"column":10},"end":{"line":10,"column":11}},"loc":{"start":{"line":10,"column":24},"end":{"line":15,"column":5}},"line":10},"3":{"name":"(anonymous_3)","decl":{"start":{"line":16,"column":11},"end":{"line":16,"column":12}},"loc":{"start":{"line":16,"column":29},"end":{"line":25,"column":5}},"line":16}},"branchMap":{},"s":{"0":1,"1":2,"2":2,"3":2,"4":1,"5":1,"6":1},"f":{"0":2,"1":2,"2":1,"3":1},"b":{},"_coverageSchema":"43e27e138ebf9cfc5966b082cf9a028302ed4184","hash":"ea46c2fd602fe98cbc816d40f8ecd70897911bb2"}
,"/Users/alex/testreactssr/src/store/reducers/auth.js": {"path":"/Users/alex/testreactssr/src/store/reducers/auth.js","statementMap":{"0":{"start":{"line":9,"column":28},"end":{"line":14,"column":1}},"1":{"start":{"line":16,"column":28},"end":{"line":16,"column":34}},"2":{"start":{"line":17,"column":2},"end":{"line":59,"column":3}},"3":{"start":{"line":19,"column":6},"end":{"line":25,"column":7}},"4":{"start":{"line":27,"column":6},"end":{"line":32,"column":7}},"5":{"start":{"line":35,"column":6},"end":{"line":41,"column":7}},"6":{"start":{"line":44,"column":6},"end":{"line":48,"column":7}},"7":{"start":{"line":51,"column":6},"end":{"line":55,"column":7}},"8":{"start":{"line":58,"column":6},"end":{"line":58,"column":18}}},"fnMap":{"0":{"name":"(anonymous_0)","decl":{"start":{"line":15,"column":15},"end":{"line":15,"column":16}},"loc":{"start":{"line":15,"column":49},"end":{"line":60,"column":1}},"line":15}},"branchMap":{"0":{"loc":{"start":{"line":15,"column":16},"end":{"line":15,"column":36}},"type":"default-arg","locations":[{"start":{"line":15,"column":24},"end":{"line":15,"column":36}}],"line":15},"1":{"loc":{"start":{"line":17,"column":2},"end":{"line":59,"column":3}},"type":"switch","locations":[{"start":{"line":18,"column":4},"end":{"line":25,"column":7}},{"start":{"line":26,"column":4},"end":{"line":32,"column":7}},{"start":{"line":34,"column":4},"end":{"line":41,"column":7}},{"start":{"line":43,"column":4},"end":{"line":48,"column":7}},{"start":{"line":50,"column":4},"end":{"line":55,"column":7}},{"start":{"line":57,"column":4},"end":{"line":58,"column":18}}],"line":17}},"s":{"0":1,"1":6,"2":6,"3":1,"4":1,"5":1,"6":1,"7":1,"8":1},"f":{"0":6},"b":{"0":[1],"1":[1,1,1,1,1,1]},"_coverageSchema":"43e27e138ebf9cfc5966b082cf9a028302ed4184","hash":"f8afff913feea298a97fe2cad39c1fc6d5fb8f97"}
,"/Users/alex/testreactssr/src/store/reducers/transfer.js": {"path":"/Users/alex/testreactssr/src/store/reducers/transfer.js","statementMap":{"0":{"start":{"line":14,"column":28},"end":{"line":24,"column":1}},"1":{"start":{"line":26,"column":28},"end":{"line":26,"column":34}},"2":{"start":{"line":27,"column":2},"end":{"line":97,"column":3}},"3":{"start":{"line":29,"column":6},"end":{"line":32,"column":7}},"4":{"start":{"line":35,"column":6},"end":{"line":38,"column":7}},"5":{"start":{"line":41,"column":6},"end":{"line":45,"column":7}},"6":{"start":{"line":48,"column":6},"end":{"line":52,"column":7}},"7":{"start":{"line":55,"column":6},"end":{"line":60,"column":7}},"8":{"start":{"line":63,"column":6},"end":{"line":68,"column":7}},"9":{"start":{"line":71,"column":6},"end":{"line":75,"column":7}},"10":{"start":{"line":77,"column":6},"end":{"line":80,"column":7}},"11":{"start":{"line":82,"column":6},"end":{"line":87,"column":7}},"12":{"start":{"line":90,"column":6},"end":{"line":93,"column":7}},"13":{"start":{"line":96,"column":6},"end":{"line":96,"column":18}}},"fnMap":{"0":{"name":"(anonymous_0)","decl":{"start":{"line":25,"column":15},"end":{"line":25,"column":16}},"loc":{"start":{"line":25,"column":49},"end":{"line":98,"column":1}},"line":25}},"branchMap":{"0":{"loc":{"start":{"line":25,"column":16},"end":{"line":25,"column":36}},"type":"default-arg","locations":[{"start":{"line":25,"column":24},"end":{"line":25,"column":36}}],"line":25},"1":{"loc":{"start":{"line":27,"column":2},"end":{"line":97,"column":3}},"type":"switch","locations":[{"start":{"line":28,"column":4},"end":{"line":32,"column":7}},{"start":{"line":34,"column":4},"end":{"line":38,"column":7}},{"start":{"line":40,"column":4},"end":{"line":45,"column":7}},{"start":{"line":47,"column":4},"end":{"line":52,"column":7}},{"start":{"line":54,"column":4},"end":{"line":60,"column":7}},{"start":{"line":62,"column":4},"end":{"line":68,"column":7}},{"start":{"line":70,"column":4},"end":{"line":75,"column":7}},{"start":{"line":76,"column":4},"end":{"line":80,"column":7}},{"start":{"line":81,"column":4},"end":{"line":87,"column":7}},{"start":{"line":89,"column":4},"end":{"line":93,"column":7}},{"start":{"line":95,"column":4},"end":{"line":96,"column":18}}],"line":27}},"s":{"0":1,"1":11,"2":11,"3":1,"4":1,"5":1,"6":1,"7":1,"8":1,"9":1,"10":1,"11":1,"12":1,"13":1},"f":{"0":11},"b":{"0":[1],"1":[1,1,1,1,1,1,1,1,1,1,1]},"_coverageSchema":"43e27e138ebf9cfc5966b082cf9a028302ed4184","hash":"44c3ac09d4443907171659a7abffbb168f3fb84e"}
,"/Users/alex/testreactssr/src/store/reducers/user.js": {"path":"/Users/alex/testreactssr/src/store/reducers/user.js","statementMap":{"0":{"start":{"line":3,"column":28},"end":{"line":7,"column":1}},"1":{"start":{"line":9,"column":28},"end":{"line":9,"column":34}},"2":{"start":{"line":10,"column":2},"end":{"line":43,"column":3}},"3":{"start":{"line":12,"column":6},"end":{"line":17,"column":7}},"4":{"start":{"line":20,"column":6},"end":{"line":24,"column":7}},"5":{"start":{"line":27,"column":6},"end":{"line":32,"column":7}},"6":{"start":{"line":35,"column":6},"end":{"line":39,"column":7}},"7":{"start":{"line":42,"column":6},"end":{"line":42,"column":18}}},"fnMap":{"0":{"name":"(anonymous_0)","decl":{"start":{"line":8,"column":15},"end":{"line":8,"column":16}},"loc":{"start":{"line":8,"column":49},"end":{"line":44,"column":1}},"line":8}},"branchMap":{"0":{"loc":{"start":{"line":8,"column":16},"end":{"line":8,"column":36}},"type":"default-arg","locations":[{"start":{"line":8,"column":24},"end":{"line":8,"column":36}}],"line":8},"1":{"loc":{"start":{"line":10,"column":2},"end":{"line":43,"column":3}},"type":"switch","locations":[{"start":{"line":11,"column":4},"end":{"line":17,"column":7}},{"start":{"line":19,"column":4},"end":{"line":24,"column":7}},{"start":{"line":26,"column":4},"end":{"line":32,"column":7}},{"start":{"line":34,"column":4},"end":{"line":39,"column":7}},{"start":{"line":41,"column":4},"end":{"line":42,"column":18}}],"line":10}},"s":{"0":1,"1":5,"2":5,"3":1,"4":1,"5":1,"6":1,"7":1},"f":{"0":5},"b":{"0":[1],"1":[1,1,1,1,1]},"_coverageSchema":"43e27e138ebf9cfc5966b082cf9a028302ed4184","hash":"1882f7a8b9128ed8743025a8672cc00c3c794188"}
,"/Users/alex/testreactssr/src/tools/assetsTransformer.js": {"path":"/Users/alex/testreactssr/src/tools/assetsTransformer.js","statementMap":{"0":{"start":{"line":8,"column":13},"end":{"line":8,"column":28}},"1":{"start":{"line":10,"column":0},"end":{"line":14,"column":1}},"2":{"start":{"line":12,"column":4},"end":{"line":12,"column":78}}},"fnMap":{"0":{"name":"(anonymous_0)","decl":{"start":{"line":11,"column":2},"end":{"line":11,"column":3}},"loc":{"start":{"line":11,"column":48},"end":{"line":13,"column":3}},"line":11}},"branchMap":{},"s":{"0":5,"1":5,"2":0},"f":{"0":0},"b":{},"_coverageSchema":"43e27e138ebf9cfc5966b082cf9a028302ed4184","hash":"541809dcd1c9773c66221baa9b6b39b085d293e6"}
}
