TN:
SF:/Users/alex/testreactssr/src/api/authLogin.js
FN:3,(anonymous_0)
FNF:1
FNH:1
FNDA:2,(anonymous_0)
DA:4,2
LF:1
LH:1
BRF:0
BRH:0
end_of_record
TN:
SF:/Users/alex/testreactssr/src/api/authRegistr.js
FN:3,(anonymous_0)
FNF:1
FNH:1
FNDA:2,(anonymous_0)
DA:4,2
LF:1
LH:1
BRF:0
BRH:0
end_of_record
TN:
SF:/Users/alex/testreactssr/src/api/createTransaction.js
FN:3,(anonymous_0)
FNF:1
FNH:1
FNDA:2,(anonymous_0)
DA:4,2
LF:1
LH:1
BRF:0
BRH:0
end_of_record
TN:
SF:/Users/alex/testreactssr/src/api/listTransaction.js
FN:3,(anonymous_0)
FNF:1
FNH:1
FNDA:2,(anonymous_0)
DA:3,2
LF:1
LH:1
BRF:0
BRH:0
end_of_record
TN:
SF:/Users/alex/testreactssr/src/api/userInfo.js
FN:3,(anonymous_0)
FNF:1
FNH:1
FNDA:2,(anonymous_0)
DA:4,2
LF:1
LH:1
BRF:0
BRH:0
end_of_record
TN:
SF:/Users/alex/testreactssr/src/api/usersName.js
FN:3,(anonymous_0)
FNF:1
FNH:1
FNDA:2,(anonymous_0)
DA:4,2
LF:1
LH:1
BRF:0
BRH:0
end_of_record
TN:
SF:/Users/alex/testreactssr/src/components/LinksTransfer/index.js
FN:5,(anonymous_0)
FNF:1
FNH:1
FNDA:2,(anonymous_0)
DA:5,1
DA:6,2
DA:18,1
LF:3
LH:3
BRDA:7,0,0,2
BRDA:7,0,1,1
BRF:2
BRH:2
end_of_record
TN:
SF:/Users/alex/testreactssr/src/components/Logo/index.js
FN:4,(anonymous_0)
FN:5,(anonymous_1)
FNF:2
FNH:2
FNDA:1,(anonymous_0)
FNDA:1,(anonymous_1)
DA:4,1
DA:5,1
DA:12,1
LF:3
LH:3
BRF:0
BRH:0
end_of_record
TN:
SF:/Users/alex/testreactssr/src/components/TransactionTable/index.js
FN:5,(anonymous_0)
FN:19,(anonymous_1)
FN:29,(anonymous_2)
FNF:3
FNH:3
FNDA:2,(anonymous_0)
FNDA:2,(anonymous_1)
FNDA:1,(anonymous_2)
DA:5,1
DA:6,2
DA:20,2
DA:29,1
DA:45,1
LF:5
LH:5
BRDA:8,0,0,2
BRDA:8,0,1,1
BRDA:15,1,0,2
BRDA:15,1,1,1
BRDA:25,2,0,2
BRDA:25,2,1,1
BRDA:27,3,0,1
BRDA:27,3,1,1
BRF:8
BRH:8
end_of_record
TN:
SF:/Users/alex/testreactssr/src/components/UserBlock/index.js
FN:5,(anonymous_0)
FN:13,(anonymous_1)
FN:18,(anonymous_2)
FN:24,(anonymous_3)
FNF:4
FNH:4
FNDA:2,(anonymous_0)
FNDA:1,(anonymous_1)
FNDA:1,(anonymous_2)
FNDA:1,(anonymous_3)
DA:5,1
DA:6,2
DA:13,1
DA:18,1
DA:24,1
DA:37,1
LF:6
LH:6
BRDA:9,0,0,2
BRDA:9,0,1,1
BRDA:9,0,2,1
BRDA:12,1,0,1
BRDA:12,1,1,1
BRF:5
BRH:5
end_of_record
TN:
SF:/Users/alex/testreactssr/src/components/UsersList/index.js
FN:4,(anonymous_0)
FN:10,(anonymous_1)
FN:11,(anonymous_2)
FNF:3
FNH:3
FNDA:4,(anonymous_0)
FNDA:1,(anonymous_1)
FNDA:1,(anonymous_2)
DA:4,1
DA:5,4
DA:11,1
DA:22,1
LF:4
LH:4
BRDA:6,0,0,4
BRDA:6,0,1,2
BRDA:6,0,2,2
BRDA:9,1,0,2
BRDA:9,1,1,1
BRF:5
BRH:5
end_of_record
TN:
SF:/Users/alex/testreactssr/src/elements/Button/index.js
FN:7,Button
FNF:1
FNH:1
FNDA:6,Button
DA:8,6
DA:10,6
DA:16,6
DA:17,6
DA:30,3
DA:39,3
LF:6
LH:6
BRDA:14,0,0,1
BRDA:14,0,1,5
BRDA:14,1,0,6
BRDA:14,1,1,5
BRDA:19,2,0,5
BRDA:19,2,1,1
BRF:6
BRH:6
end_of_record
TN:
SF:/Users/alex/testreactssr/src/elements/Input/index.js
FN:6,Input
FN:19,(anonymous_1)
FNF:2
FNH:2
FNDA:2,Input
FNDA:1,(anonymous_1)
DA:7,2
DA:9,2
DA:11,2
DA:19,1
DA:29,1
DA:42,1
LF:6
LH:6
BRDA:9,0,0,1
BRDA:9,0,1,1
BRDA:9,1,0,1
BRDA:9,1,1,1
BRDA:13,2,0,2
BRDA:13,2,1,1
BRDA:24,3,0,2
BRDA:24,3,1,1
BRF:8
BRH:8
end_of_record
TN:
SF:/Users/alex/testreactssr/src/elements/Loader/index.js
FN:6,Loader
FNF:1
FNH:1
FNDA:1,Loader
DA:7,1
DA:9,1
DA:20,4
DA:26,4
LF:4
LH:4
BRDA:11,0,0,1
BRDA:11,0,1,1
BRDA:12,1,0,1
BRDA:12,1,1,1
BRDA:13,2,0,1
BRDA:13,2,1,1
BRDA:14,3,0,1
BRDA:14,3,1,1
BRF:8
BRH:8
end_of_record
TN:
SF:/Users/alex/testreactssr/src/store/types.js
FNF:0
FNH:0
DA:1,6
DA:2,6
DA:3,6
DA:4,6
DA:5,6
DA:6,6
DA:7,6
DA:8,6
DA:9,6
DA:10,6
DA:11,6
DA:13,6
DA:14,6
DA:15,6
DA:17,6
DA:18,6
DA:19,6
DA:21,6
LF:18
LH:18
BRF:0
BRH:0
end_of_record
TN:
SF:/Users/alex/testreactssr/src/store/actions/auth.js
FN:11,(anonymous_0)
FN:11,(anonymous_1)
FN:17,(anonymous_2)
FN:17,(anonymous_3)
FN:23,(anonymous_4)
FN:29,(anonymous_5)
FN:37,(anonymous_6)
FN:37,(anonymous_7)
FN:45,(anonymous_8)
FN:51,(anonymous_9)
FNF:10
FNH:10
FNDA:1,(anonymous_0)
FNDA:1,(anonymous_1)
FNDA:2,(anonymous_2)
FNDA:2,(anonymous_3)
FNDA:1,(anonymous_4)
FNDA:1,(anonymous_5)
FNDA:2,(anonymous_6)
FNDA:2,(anonymous_7)
FNDA:1,(anonymous_8)
FNDA:1,(anonymous_9)
DA:11,1
DA:12,1
DA:17,2
DA:18,2
DA:22,2
DA:24,1
DA:30,1
DA:37,2
DA:38,2
DA:40,2
DA:44,2
DA:46,1
DA:52,1
LF:13
LH:13
BRF:0
BRH:0
end_of_record
TN:
SF:/Users/alex/testreactssr/src/store/actions/transfer.js
FN:18,(anonymous_0)
FN:18,(anonymous_1)
FN:22,(anonymous_2)
FN:28,(anonymous_3)
FN:36,(anonymous_4)
FN:36,(anonymous_5)
FN:42,(anonymous_6)
FN:42,(anonymous_7)
FN:48,(anonymous_8)
FN:54,(anonymous_9)
FN:62,(anonymous_10)
FN:62,(anonymous_11)
FN:68,(anonymous_12)
FN:74,(anonymous_13)
FN:82,(anonymous_14)
FN:82,(anonymous_15)
FNF:16
FNH:16
FNDA:2,(anonymous_0)
FNDA:2,(anonymous_1)
FNDA:1,(anonymous_2)
FNDA:1,(anonymous_3)
FNDA:1,(anonymous_4)
FNDA:1,(anonymous_5)
FNDA:2,(anonymous_6)
FNDA:2,(anonymous_7)
FNDA:1,(anonymous_8)
FNDA:1,(anonymous_9)
FNDA:2,(anonymous_10)
FNDA:2,(anonymous_11)
FNDA:1,(anonymous_12)
FNDA:1,(anonymous_13)
FNDA:1,(anonymous_14)
FNDA:1,(anonymous_15)
DA:18,2
DA:19,2
DA:21,2
DA:23,1
DA:29,1
DA:36,1
DA:37,1
DA:42,2
DA:43,2
DA:47,2
DA:49,1
DA:55,1
DA:62,2
DA:63,2
DA:67,2
DA:69,1
DA:75,1
DA:82,1
DA:83,1
LF:19
LH:19
BRF:0
BRH:0
end_of_record
TN:
SF:/Users/alex/testreactssr/src/store/actions/user.js
FN:4,(anonymous_0)
FN:4,(anonymous_1)
FN:10,(anonymous_2)
FN:16,(anonymous_3)
FNF:4
FNH:4
FNDA:2,(anonymous_0)
FNDA:2,(anonymous_1)
FNDA:1,(anonymous_2)
FNDA:1,(anonymous_3)
DA:4,2
DA:5,2
DA:9,2
DA:11,1
DA:17,1
DA:22,1
LF:6
LH:6
BRF:0
BRH:0
end_of_record
TN:
SF:/Users/alex/testreactssr/src/store/reducers/auth.js
FN:15,(anonymous_0)
FNF:1
FNH:1
FNDA:6,(anonymous_0)
DA:9,1
DA:16,6
DA:17,6
DA:19,1
DA:27,1
DA:35,1
DA:44,1
DA:51,1
DA:58,1
LF:9
LH:9
BRDA:15,0,0,1
BRDA:17,1,0,1
BRDA:17,1,1,1
BRDA:17,1,2,1
BRDA:17,1,3,1
BRDA:17,1,4,1
BRDA:17,1,5,1
BRF:7
BRH:7
end_of_record
TN:
SF:/Users/alex/testreactssr/src/store/reducers/transfer.js
FN:25,(anonymous_0)
FNF:1
FNH:1
FNDA:11,(anonymous_0)
DA:14,1
DA:26,11
DA:27,11
DA:29,1
DA:35,1
DA:41,1
DA:48,1
DA:55,1
DA:63,1
DA:71,1
DA:77,1
DA:82,1
DA:90,1
DA:96,1
LF:14
LH:14
BRDA:25,0,0,1
BRDA:27,1,0,1
BRDA:27,1,1,1
BRDA:27,1,2,1
BRDA:27,1,3,1
BRDA:27,1,4,1
BRDA:27,1,5,1
BRDA:27,1,6,1
BRDA:27,1,7,1
BRDA:27,1,8,1
BRDA:27,1,9,1
BRDA:27,1,10,1
BRF:12
BRH:12
end_of_record
TN:
SF:/Users/alex/testreactssr/src/store/reducers/user.js
FN:8,(anonymous_0)
FNF:1
FNH:1
FNDA:5,(anonymous_0)
DA:3,1
DA:9,5
DA:10,5
DA:12,1
DA:20,1
DA:27,1
DA:35,1
DA:42,1
LF:8
LH:8
BRDA:8,0,0,1
BRDA:10,1,0,1
BRDA:10,1,1,1
BRDA:10,1,2,1
BRDA:10,1,3,1
BRDA:10,1,4,1
BRF:6
BRH:6
end_of_record
TN:
SF:/Users/alex/testreactssr/src/tools/assetsTransformer.js
FN:11,(anonymous_0)
FNF:1
FNH:0
FNDA:0,(anonymous_0)
DA:8,5
DA:10,5
DA:12,0
LF:3
LH:2
BRF:0
BRH:0
end_of_record
